2021-01-02 22:07:55.143 +05 [77020] LOG kernel file descriptor limit: 1024 (hard: 1048576); max_client_conn: 100, max expected fd use: 152
2021-01-02 22:07:55.145 +05 [77020] LOG listening on [::1]:6432
2021-01-02 22:07:55.145 +05 [77020] WARNING cannot listen on 127.0.0.1:6432: bind(): Address already in use
2021-01-02 22:07:55.146 +05 [77020] LOG listening on unix:/tmp/.s.PGSQL.6432
2021-01-02 22:07:55.146 +05 [77020] LOG process up: PgBouncer 1.14.0, libevent 2.1.12-stable (epoll), adns: c-ares 1.16.1, tls: OpenSSL 1.1.1f  31 Mar 2020
2021-01-02 22:08:55.142 +05 [77020] LOG stats: 0 xacts/s, 0 queries/s, in 0 B/s, out 0 B/s, xact 0 us, query 0 us, wait 0 us
2021-01-02 22:09:55.142 +05 [77020] LOG stats: 0 xacts/s, 0 queries/s, in 0 B/s, out 0 B/s, xact 0 us, query 0 us, wait 0 us
2021-01-02 22:10:55.143 +05 [77020] LOG stats: 0 xacts/s, 0 queries/s, in 0 B/s, out 0 B/s, xact 0 us, query 0 us, wait 0 us
2021-01-02 22:11:55.143 +05 [77020] LOG stats: 0 xacts/s, 0 queries/s, in 0 B/s, out 0 B/s, xact 0 us, query 0 us, wait 0 us
2021-01-02 22:12:55.143 +05 [77020] LOG stats: 0 xacts/s, 0 queries/s, in 0 B/s, out 0 B/s, xact 0 us, query 0 us, wait 0 us
2021-01-02 22:13:55.146 +05 [77020] LOG stats: 0 xacts/s, 0 queries/s, in 0 B/s, out 0 B/s, xact 0 us, query 0 us, wait 0 us
2021-01-02 22:14:55.141 +05 [77020] LOG stats: 0 xacts/s, 0 queries/s, in 0 B/s, out 0 B/s, xact 0 us, query 0 us, wait 0 us
2021-01-02 22:15:55.142 +05 [77020] LOG stats: 0 xacts/s, 0 queries/s, in 0 B/s, out 0 B/s, xact 0 us, query 0 us, wait 0 us
2021-01-02 22:16:55.142 +05 [77020] LOG stats: 0 xacts/s, 0 queries/s, in 0 B/s, out 0 B/s, xact 0 us, query 0 us, wait 0 us
2021-01-02 22:17:55.144 +05 [77020] LOG stats: 0 xacts/s, 0 queries/s, in 0 B/s, out 0 B/s, xact 0 us, query 0 us, wait 0 us
2021-01-02 22:18:55.141 +05 [77020] LOG stats: 0 xacts/s, 0 queries/s, in 0 B/s, out 0 B/s, xact 0 us, query 0 us, wait 0 us
2021-01-02 22:19:55.143 +05 [77020] LOG stats: 0 xacts/s, 0 queries/s, in 0 B/s, out 0 B/s, xact 0 us, query 0 us, wait 0 us
2021-01-02 22:20:55.141 +05 [77020] LOG stats: 0 xacts/s, 0 queries/s, in 0 B/s, out 0 B/s, xact 0 us, query 0 us, wait 0 us
2021-01-02 22:21:55.143 +05 [77020] LOG stats: 0 xacts/s, 0 queries/s, in 0 B/s, out 0 B/s, xact 0 us, query 0 us, wait 0 us
2021-01-02 22:22:55.141 +05 [77020] LOG stats: 0 xacts/s, 0 queries/s, in 0 B/s, out 0 B/s, xact 0 us, query 0 us, wait 0 us
2021-01-02 22:23:55.142 +05 [77020] LOG stats: 0 xacts/s, 0 queries/s, in 0 B/s, out 0 B/s, xact 0 us, query 0 us, wait 0 us
2021-01-02 22:24:55.142 +05 [77020] LOG stats: 0 xacts/s, 0 queries/s, in 0 B/s, out 0 B/s, xact 0 us, query 0 us, wait 0 us
2021-01-02 22:25:55.145 +05 [77020] LOG stats: 0 xacts/s, 0 queries/s, in 0 B/s, out 0 B/s, xact 0 us, query 0 us, wait 0 us
2021-01-02 22:26:55.142 +05 [77020] LOG stats: 0 xacts/s, 0 queries/s, in 0 B/s, out 0 B/s, xact 0 us, query 0 us, wait 0 us
2021-01-02 22:27:55.142 +05 [77020] LOG stats: 0 xacts/s, 0 queries/s, in 0 B/s, out 0 B/s, xact 0 us, query 0 us, wait 0 us
2021-01-02 22:28:55.142 +05 [77020] LOG stats: 0 xacts/s, 0 queries/s, in 0 B/s, out 0 B/s, xact 0 us, query 0 us, wait 0 us
2021-01-02 22:29:55.142 +05 [77020] LOG stats: 0 xacts/s, 0 queries/s, in 0 B/s, out 0 B/s, xact 0 us, query 0 us, wait 0 us
2021-01-02 22:30:55.144 +05 [77020] LOG stats: 0 xacts/s, 0 queries/s, in 0 B/s, out 0 B/s, xact 0 us, query 0 us, wait 0 us
2021-01-02 22:31:55.142 +05 [77020] LOG stats: 0 xacts/s, 0 queries/s, in 0 B/s, out 0 B/s, xact 0 us, query 0 us, wait 0 us
2021-01-02 22:32:55.141 +05 [77020] LOG stats: 0 xacts/s, 0 queries/s, in 0 B/s, out 0 B/s, xact 0 us, query 0 us, wait 0 us
2021-01-02 22:33:55.142 +05 [77020] LOG stats: 0 xacts/s, 0 queries/s, in 0 B/s, out 0 B/s, xact 0 us, query 0 us, wait 0 us
2021-01-02 22:34:55.145 +05 [77020] LOG stats: 0 xacts/s, 0 queries/s, in 0 B/s, out 0 B/s, xact 0 us, query 0 us, wait 0 us
2021-01-02 22:35:55.143 +05 [77020] LOG stats: 0 xacts/s, 0 queries/s, in 0 B/s, out 0 B/s, xact 0 us, query 0 us, wait 0 us
2021-01-02 22:36:55.142 +05 [77020] LOG stats: 0 xacts/s, 0 queries/s, in 0 B/s, out 0 B/s, xact 0 us, query 0 us, wait 0 us
2021-01-02 22:37:55.141 +05 [77020] LOG stats: 0 xacts/s, 0 queries/s, in 0 B/s, out 0 B/s, xact 0 us, query 0 us, wait 0 us
2021-01-02 22:38:55.142 +05 [77020] LOG stats: 0 xacts/s, 0 queries/s, in 0 B/s, out 0 B/s, xact 0 us, query 0 us, wait 0 us
2021-01-02 22:39:55.145 +05 [77020] LOG stats: 0 xacts/s, 0 queries/s, in 0 B/s, out 0 B/s, xact 0 us, query 0 us, wait 0 us
2021-01-02 22:40:55.141 +05 [77020] LOG stats: 0 xacts/s, 0 queries/s, in 0 B/s, out 0 B/s, xact 0 us, query 0 us, wait 0 us
2021-01-02 22:41:55.141 +05 [77020] LOG stats: 0 xacts/s, 0 queries/s, in 0 B/s, out 0 B/s, xact 0 us, query 0 us, wait 0 us
2021-01-02 22:42:55.141 +05 [77020] LOG stats: 0 xacts/s, 0 queries/s, in 0 B/s, out 0 B/s, xact 0 us, query 0 us, wait 0 us
2021-01-02 22:43:55.143 +05 [77020] LOG stats: 0 xacts/s, 0 queries/s, in 0 B/s, out 0 B/s, xact 0 us, query 0 us, wait 0 us
2021-01-02 22:44:55.142 +05 [77020] LOG stats: 0 xacts/s, 0 queries/s, in 0 B/s, out 0 B/s, xact 0 us, query 0 us, wait 0 us
2021-01-02 22:45:55.146 +05 [77020] LOG stats: 0 xacts/s, 0 queries/s, in 0 B/s, out 0 B/s, xact 0 us, query 0 us, wait 0 us
2021-01-02 22:46:55.143 +05 [77020] LOG stats: 0 xacts/s, 0 queries/s, in 0 B/s, out 0 B/s, xact 0 us, query 0 us, wait 0 us
2021-01-02 22:47:55.141 +05 [77020] LOG stats: 0 xacts/s, 0 queries/s, in 0 B/s, out 0 B/s, xact 0 us, query 0 us, wait 0 us
2021-01-02 22:48:55.143 +05 [77020] LOG stats: 0 xacts/s, 0 queries/s, in 0 B/s, out 0 B/s, xact 0 us, query 0 us, wait 0 us
2021-01-02 22:49:55.141 +05 [77020] LOG stats: 0 xacts/s, 0 queries/s, in 0 B/s, out 0 B/s, xact 0 us, query 0 us, wait 0 us
2021-01-02 22:50:55.142 +05 [77020] LOG stats: 0 xacts/s, 0 queries/s, in 0 B/s, out 0 B/s, xact 0 us, query 0 us, wait 0 us
2021-01-02 22:51:55.142 +05 [77020] LOG stats: 0 xacts/s, 0 queries/s, in 0 B/s, out 0 B/s, xact 0 us, query 0 us, wait 0 us
2021-01-02 22:52:55.142 +05 [77020] LOG stats: 0 xacts/s, 0 queries/s, in 0 B/s, out 0 B/s, xact 0 us, query 0 us, wait 0 us
2021-01-02 22:53:55.141 +05 [77020] LOG stats: 0 xacts/s, 0 queries/s, in 0 B/s, out 0 B/s, xact 0 us, query 0 us, wait 0 us
2021-01-02 22:54:55.141 +05 [77020] LOG stats: 0 xacts/s, 0 queries/s, in 0 B/s, out 0 B/s, xact 0 us, query 0 us, wait 0 us
2021-01-02 22:55:55.141 +05 [77020] LOG stats: 0 xacts/s, 0 queries/s, in 0 B/s, out 0 B/s, xact 0 us, query 0 us, wait 0 us
2021-01-02 22:56:55.146 +05 [77020] LOG stats: 0 xacts/s, 0 queries/s, in 0 B/s, out 0 B/s, xact 0 us, query 0 us, wait 0 us
2021-01-02 22:57:55.145 +05 [77020] LOG stats: 0 xacts/s, 0 queries/s, in 0 B/s, out 0 B/s, xact 0 us, query 0 us, wait 0 us
2021-01-02 22:58:55.141 +05 [77020] LOG stats: 0 xacts/s, 0 queries/s, in 0 B/s, out 0 B/s, xact 0 us, query 0 us, wait 0 us
2021-01-02 22:59:55.142 +05 [77020] LOG stats: 0 xacts/s, 0 queries/s, in 0 B/s, out 0 B/s, xact 0 us, query 0 us, wait 0 us
2021-01-02 23:00:55.142 +05 [77020] LOG stats: 0 xacts/s, 0 queries/s, in 0 B/s, out 0 B/s, xact 0 us, query 0 us, wait 0 us
2021-01-02 23:01:55.145 +05 [77020] LOG stats: 0 xacts/s, 0 queries/s, in 0 B/s, out 0 B/s, xact 0 us, query 0 us, wait 0 us
2021-01-02 23:02:55.142 +05 [77020] LOG stats: 0 xacts/s, 0 queries/s, in 0 B/s, out 0 B/s, xact 0 us, query 0 us, wait 0 us
2021-01-02 23:03:55.144 +05 [77020] LOG stats: 0 xacts/s, 0 queries/s, in 0 B/s, out 0 B/s, xact 0 us, query 0 us, wait 0 us
2021-01-02 23:04:55.143 +05 [77020] LOG stats: 0 xacts/s, 0 queries/s, in 0 B/s, out 0 B/s, xact 0 us, query 0 us, wait 0 us
2021-01-02 23:05:55.142 +05 [77020] LOG stats: 0 xacts/s, 0 queries/s, in 0 B/s, out 0 B/s, xact 0 us, query 0 us, wait 0 us
2021-01-02 23:06:55.145 +05 [77020] LOG stats: 0 xacts/s, 0 queries/s, in 0 B/s, out 0 B/s, xact 0 us, query 0 us, wait 0 us
2021-01-02 23:07:55.141 +05 [77020] LOG stats: 0 xacts/s, 0 queries/s, in 0 B/s, out 0 B/s, xact 0 us, query 0 us, wait 0 us
2021-01-02 23:08:55.141 +05 [77020] LOG stats: 0 xacts/s, 0 queries/s, in 0 B/s, out 0 B/s, xact 0 us, query 0 us, wait 0 us
2021-01-02 23:09:55.141 +05 [77020] LOG stats: 0 xacts/s, 0 queries/s, in 0 B/s, out 0 B/s, xact 0 us, query 0 us, wait 0 us
2021-01-02 23:10:55.142 +05 [77020] LOG stats: 0 xacts/s, 0 queries/s, in 0 B/s, out 0 B/s, xact 0 us, query 0 us, wait 0 us
2021-01-02 23:11:55.145 +05 [77020] LOG stats: 0 xacts/s, 0 queries/s, in 0 B/s, out 0 B/s, xact 0 us, query 0 us, wait 0 us
2021-01-02 23:12:55.142 +05 [77020] LOG stats: 0 xacts/s, 0 queries/s, in 0 B/s, out 0 B/s, xact 0 us, query 0 us, wait 0 us
2021-01-02 23:13:55.142 +05 [77020] LOG stats: 0 xacts/s, 0 queries/s, in 0 B/s, out 0 B/s, xact 0 us, query 0 us, wait 0 us
2021-01-02 23:14:55.143 +05 [77020] LOG stats: 0 xacts/s, 0 queries/s, in 0 B/s, out 0 B/s, xact 0 us, query 0 us, wait 0 us
2021-01-02 23:15:55.142 +05 [77020] LOG stats: 0 xacts/s, 0 queries/s, in 0 B/s, out 0 B/s, xact 0 us, query 0 us, wait 0 us
2021-01-02 23:16:55.145 +05 [77020] LOG stats: 0 xacts/s, 0 queries/s, in 0 B/s, out 0 B/s, xact 0 us, query 0 us, wait 0 us
2021-01-02 23:17:55.142 +05 [77020] LOG stats: 0 xacts/s, 0 queries/s, in 0 B/s, out 0 B/s, xact 0 us, query 0 us, wait 0 us
2021-01-02 23:18:55.142 +05 [77020] LOG stats: 0 xacts/s, 0 queries/s, in 0 B/s, out 0 B/s, xact 0 us, query 0 us, wait 0 us
2021-01-02 23:19:55.141 +05 [77020] LOG stats: 0 xacts/s, 0 queries/s, in 0 B/s, out 0 B/s, xact 0 us, query 0 us, wait 0 us
2021-01-02 23:20:55.145 +05 [77020] LOG stats: 0 xacts/s, 0 queries/s, in 0 B/s, out 0 B/s, xact 0 us, query 0 us, wait 0 us
2021-01-02 23:21:55.141 +05 [77020] LOG stats: 0 xacts/s, 0 queries/s, in 0 B/s, out 0 B/s, xact 0 us, query 0 us, wait 0 us
2021-01-02 23:22:55.141 +05 [77020] LOG stats: 0 xacts/s, 0 queries/s, in 0 B/s, out 0 B/s, xact 0 us, query 0 us, wait 0 us
2021-01-02 23:23:55.141 +05 [77020] LOG stats: 0 xacts/s, 0 queries/s, in 0 B/s, out 0 B/s, xact 0 us, query 0 us, wait 0 us
2021-01-02 23:24:55.145 +05 [77020] LOG stats: 0 xacts/s, 0 queries/s, in 0 B/s, out 0 B/s, xact 0 us, query 0 us, wait 0 us
2021-01-02 23:25:55.142 +05 [77020] LOG stats: 0 xacts/s, 0 queries/s, in 0 B/s, out 0 B/s, xact 0 us, query 0 us, wait 0 us
2021-01-02 23:26:55.143 +05 [77020] LOG stats: 0 xacts/s, 0 queries/s, in 0 B/s, out 0 B/s, xact 0 us, query 0 us, wait 0 us
2021-01-02 23:27:55.142 +05 [77020] LOG stats: 0 xacts/s, 0 queries/s, in 0 B/s, out 0 B/s, xact 0 us, query 0 us, wait 0 us
2021-01-02 23:28:55.142 +05 [77020] LOG stats: 0 xacts/s, 0 queries/s, in 0 B/s, out 0 B/s, xact 0 us, query 0 us, wait 0 us
2021-01-02 23:29:55.145 +05 [77020] LOG stats: 0 xacts/s, 0 queries/s, in 0 B/s, out 0 B/s, xact 0 us, query 0 us, wait 0 us
2021-01-02 23:30:55.144 +05 [77020] LOG stats: 0 xacts/s, 0 queries/s, in 0 B/s, out 0 B/s, xact 0 us, query 0 us, wait 0 us
2021-01-02 23:31:55.141 +05 [77020] LOG stats: 0 xacts/s, 0 queries/s, in 0 B/s, out 0 B/s, xact 0 us, query 0 us, wait 0 us
2021-01-02 23:32:55.142 +05 [77020] LOG stats: 0 xacts/s, 0 queries/s, in 0 B/s, out 0 B/s, xact 0 us, query 0 us, wait 0 us
2021-01-02 23:33:55.141 +05 [77020] LOG stats: 0 xacts/s, 0 queries/s, in 0 B/s, out 0 B/s, xact 0 us, query 0 us, wait 0 us
2021-01-02 23:34:55.142 +05 [77020] LOG stats: 0 xacts/s, 0 queries/s, in 0 B/s, out 0 B/s, xact 0 us, query 0 us, wait 0 us
2021-01-02 23:35:55.142 +05 [77020] LOG stats: 0 xacts/s, 0 queries/s, in 0 B/s, out 0 B/s, xact 0 us, query 0 us, wait 0 us
2021-01-02 23:36:55.143 +05 [77020] LOG stats: 0 xacts/s, 0 queries/s, in 0 B/s, out 0 B/s, xact 0 us, query 0 us, wait 0 us
2021-01-02 23:37:55.142 +05 [77020] LOG stats: 0 xacts/s, 0 queries/s, in 0 B/s, out 0 B/s, xact 0 us, query 0 us, wait 0 us
2021-01-02 23:38:55.146 +05 [77020] LOG stats: 0 xacts/s, 0 queries/s, in 0 B/s, out 0 B/s, xact 0 us, query 0 us, wait 0 us
2021-01-02 23:39:55.143 +05 [77020] LOG stats: 0 xacts/s, 0 queries/s, in 0 B/s, out 0 B/s, xact 0 us, query 0 us, wait 0 us
2021-01-02 23:40:55.142 +05 [77020] LOG stats: 0 xacts/s, 0 queries/s, in 0 B/s, out 0 B/s, xact 0 us, query 0 us, wait 0 us
2021-01-02 23:41:55.141 +05 [77020] LOG stats: 0 xacts/s, 0 queries/s, in 0 B/s, out 0 B/s, xact 0 us, query 0 us, wait 0 us
2021-01-02 23:42:55.142 +05 [77020] LOG stats: 0 xacts/s, 0 queries/s, in 0 B/s, out 0 B/s, xact 0 us, query 0 us, wait 0 us
2021-01-02 23:43:55.145 +05 [77020] LOG stats: 0 xacts/s, 0 queries/s, in 0 B/s, out 0 B/s, xact 0 us, query 0 us, wait 0 us
2021-01-02 23:44:55.142 +05 [77020] LOG stats: 0 xacts/s, 0 queries/s, in 0 B/s, out 0 B/s, xact 0 us, query 0 us, wait 0 us
2021-01-02 23:45:55.143 +05 [77020] LOG stats: 0 xacts/s, 0 queries/s, in 0 B/s, out 0 B/s, xact 0 us, query 0 us, wait 0 us
2021-01-02 23:46:55.143 +05 [77020] LOG stats: 0 xacts/s, 0 queries/s, in 0 B/s, out 0 B/s, xact 0 us, query 0 us, wait 0 us
2021-01-02 23:47:55.141 +05 [77020] LOG stats: 0 xacts/s, 0 queries/s, in 0 B/s, out 0 B/s, xact 0 us, query 0 us, wait 0 us
2021-01-02 23:48:55.146 +05 [77020] LOG stats: 0 xacts/s, 0 queries/s, in 0 B/s, out 0 B/s, xact 0 us, query 0 us, wait 0 us
2021-01-02 23:49:55.143 +05 [77020] LOG stats: 0 xacts/s, 0 queries/s, in 0 B/s, out 0 B/s, xact 0 us, query 0 us, wait 0 us
2021-01-02 23:50:55.141 +05 [77020] LOG stats: 0 xacts/s, 0 queries/s, in 0 B/s, out 0 B/s, xact 0 us, query 0 us, wait 0 us
2021-01-02 23:51:55.143 +05 [77020] LOG stats: 0 xacts/s, 0 queries/s, in 0 B/s, out 0 B/s, xact 0 us, query 0 us, wait 0 us
2021-01-02 23:52:55.142 +05 [77020] LOG stats: 0 xacts/s, 0 queries/s, in 0 B/s, out 0 B/s, xact 0 us, query 0 us, wait 0 us
2021-01-02 23:53:55.142 +05 [77020] LOG stats: 0 xacts/s, 0 queries/s, in 0 B/s, out 0 B/s, xact 0 us, query 0 us, wait 0 us
2021-01-02 23:54:55.142 +05 [77020] LOG stats: 0 xacts/s, 0 queries/s, in 0 B/s, out 0 B/s, xact 0 us, query 0 us, wait 0 us
2021-01-02 23:55:55.143 +05 [77020] LOG stats: 0 xacts/s, 0 queries/s, in 0 B/s, out 0 B/s, xact 0 us, query 0 us, wait 0 us
2021-01-02 23:56:55.142 +05 [77020] LOG stats: 0 xacts/s, 0 queries/s, in 0 B/s, out 0 B/s, xact 0 us, query 0 us, wait 0 us
2021-01-02 23:57:55.145 +05 [77020] LOG stats: 0 xacts/s, 0 queries/s, in 0 B/s, out 0 B/s, xact 0 us, query 0 us, wait 0 us
2021-01-02 23:58:55.141 +05 [77020] LOG stats: 0 xacts/s, 0 queries/s, in 0 B/s, out 0 B/s, xact 0 us, query 0 us, wait 0 us
2021-01-02 23:59:55.143 +05 [77020] LOG stats: 0 xacts/s, 0 queries/s, in 0 B/s, out 0 B/s, xact 0 us, query 0 us, wait 0 us
2021-01-03 00:00:55.141 +05 [77020] LOG stats: 0 xacts/s, 0 queries/s, in 0 B/s, out 0 B/s, xact 0 us, query 0 us, wait 0 us
2021-01-03 00:01:55.141 +05 [77020] LOG stats: 0 xacts/s, 0 queries/s, in 0 B/s, out 0 B/s, xact 0 us, query 0 us, wait 0 us
2021-01-03 00:02:55.142 +05 [77020] LOG stats: 0 xacts/s, 0 queries/s, in 0 B/s, out 0 B/s, xact 0 us, query 0 us, wait 0 us
2021-01-03 00:03:55.142 +05 [77020] LOG stats: 0 xacts/s, 0 queries/s, in 0 B/s, out 0 B/s, xact 0 us, query 0 us, wait 0 us
2021-01-03 00:04:55.141 +05 [77020] LOG stats: 0 xacts/s, 0 queries/s, in 0 B/s, out 0 B/s, xact 0 us, query 0 us, wait 0 us
2021-01-03 00:05:55.146 +05 [77020] LOG stats: 0 xacts/s, 0 queries/s, in 0 B/s, out 0 B/s, xact 0 us, query 0 us, wait 0 us
2021-01-03 00:06:55.141 +05 [77020] LOG stats: 0 xacts/s, 0 queries/s, in 0 B/s, out 0 B/s, xact 0 us, query 0 us, wait 0 us
2021-01-03 00:07:55.144 +05 [77020] LOG stats: 0 xacts/s, 0 queries/s, in 0 B/s, out 0 B/s, xact 0 us, query 0 us, wait 0 us
2021-01-03 00:08:55.143 +05 [77020] LOG stats: 0 xacts/s, 0 queries/s, in 0 B/s, out 0 B/s, xact 0 us, query 0 us, wait 0 us
2021-01-03 00:09:55.144 +05 [77020] LOG stats: 0 xacts/s, 0 queries/s, in 0 B/s, out 0 B/s, xact 0 us, query 0 us, wait 0 us
2021-01-03 00:10:55.142 +05 [77020] LOG stats: 0 xacts/s, 0 queries/s, in 0 B/s, out 0 B/s, xact 0 us, query 0 us, wait 0 us
2021-01-03 00:11:55.142 +05 [77020] LOG stats: 0 xacts/s, 0 queries/s, in 0 B/s, out 0 B/s, xact 0 us, query 0 us, wait 0 us
2021-01-03 00:12:55.145 +05 [77020] LOG stats: 0 xacts/s, 0 queries/s, in 0 B/s, out 0 B/s, xact 0 us, query 0 us, wait 0 us
2021-01-03 00:13:55.142 +05 [77020] LOG stats: 0 xacts/s, 0 queries/s, in 0 B/s, out 0 B/s, xact 0 us, query 0 us, wait 0 us
2021-01-03 00:14:55.144 +05 [77020] LOG stats: 0 xacts/s, 0 queries/s, in 0 B/s, out 0 B/s, xact 0 us, query 0 us, wait 0 us
2021-01-03 00:15:55.143 +05 [77020] LOG stats: 0 xacts/s, 0 queries/s, in 0 B/s, out 0 B/s, xact 0 us, query 0 us, wait 0 us
2021-01-03 00:16:55.141 +05 [77020] LOG stats: 0 xacts/s, 0 queries/s, in 0 B/s, out 0 B/s, xact 0 us, query 0 us, wait 0 us
2021-01-03 00:17:55.143 +05 [77020] LOG stats: 0 xacts/s, 0 queries/s, in 0 B/s, out 0 B/s, xact 0 us, query 0 us, wait 0 us
2021-01-03 00:18:55.146 +05 [77020] LOG stats: 0 xacts/s, 0 queries/s, in 0 B/s, out 0 B/s, xact 0 us, query 0 us, wait 0 us
2021-01-03 00:19:55.143 +05 [77020] LOG stats: 0 xacts/s, 0 queries/s, in 0 B/s, out 0 B/s, xact 0 us, query 0 us, wait 0 us
2021-01-03 00:20:55.143 +05 [77020] LOG stats: 0 xacts/s, 0 queries/s, in 0 B/s, out 0 B/s, xact 0 us, query 0 us, wait 0 us
2021-01-03 00:21:55.142 +05 [77020] LOG stats: 0 xacts/s, 0 queries/s, in 0 B/s, out 0 B/s, xact 0 us, query 0 us, wait 0 us
2021-01-03 00:22:55.142 +05 [77020] LOG stats: 0 xacts/s, 0 queries/s, in 0 B/s, out 0 B/s, xact 0 us, query 0 us, wait 0 us
2021-01-03 00:23:55.141 +05 [77020] LOG stats: 0 xacts/s, 0 queries/s, in 0 B/s, out 0 B/s, xact 0 us, query 0 us, wait 0 us
2021-01-03 00:24:55.145 +05 [77020] LOG stats: 0 xacts/s, 0 queries/s, in 0 B/s, out 0 B/s, xact 0 us, query 0 us, wait 0 us
2021-01-03 00:25:55.144 +05 [77020] LOG stats: 0 xacts/s, 0 queries/s, in 0 B/s, out 0 B/s, xact 0 us, query 0 us, wait 0 us
2021-01-03 00:26:55.141 +05 [77020] LOG stats: 0 xacts/s, 0 queries/s, in 0 B/s, out 0 B/s, xact 0 us, query 0 us, wait 0 us
2021-01-03 00:27:55.146 +05 [77020] LOG stats: 0 xacts/s, 0 queries/s, in 0 B/s, out 0 B/s, xact 0 us, query 0 us, wait 0 us
2021-01-03 00:28:55.143 +05 [77020] LOG stats: 0 xacts/s, 0 queries/s, in 0 B/s, out 0 B/s, xact 0 us, query 0 us, wait 0 us
2021-01-03 00:29:55.142 +05 [77020] LOG stats: 0 xacts/s, 0 queries/s, in 0 B/s, out 0 B/s, xact 0 us, query 0 us, wait 0 us
2021-01-03 00:30:55.141 +05 [77020] LOG stats: 0 xacts/s, 0 queries/s, in 0 B/s, out 0 B/s, xact 0 us, query 0 us, wait 0 us
2021-01-03 00:31:55.143 +05 [77020] LOG stats: 0 xacts/s, 0 queries/s, in 0 B/s, out 0 B/s, xact 0 us, query 0 us, wait 0 us
2021-01-03 00:32:55.141 +05 [77020] LOG stats: 0 xacts/s, 0 queries/s, in 0 B/s, out 0 B/s, xact 0 us, query 0 us, wait 0 us
2021-01-03 00:33:55.141 +05 [77020] LOG stats: 0 xacts/s, 0 queries/s, in 0 B/s, out 0 B/s, xact 0 us, query 0 us, wait 0 us
2021-01-03 00:34:55.146 +05 [77020] LOG stats: 0 xacts/s, 0 queries/s, in 0 B/s, out 0 B/s, xact 0 us, query 0 us, wait 0 us
2021-01-03 00:35:55.141 +05 [77020] LOG stats: 0 xacts/s, 0 queries/s, in 0 B/s, out 0 B/s, xact 0 us, query 0 us, wait 0 us
2021-01-03 00:36:55.141 +05 [77020] LOG stats: 0 xacts/s, 0 queries/s, in 0 B/s, out 0 B/s, xact 0 us, query 0 us, wait 0 us
2021-01-03 00:37:55.141 +05 [77020] LOG stats: 0 xacts/s, 0 queries/s, in 0 B/s, out 0 B/s, xact 0 us, query 0 us, wait 0 us
2021-01-03 00:38:55.142 +05 [77020] LOG stats: 0 xacts/s, 0 queries/s, in 0 B/s, out 0 B/s, xact 0 us, query 0 us, wait 0 us
2021-01-03 00:39:55.141 +05 [77020] LOG stats: 0 xacts/s, 0 queries/s, in 0 B/s, out 0 B/s, xact 0 us, query 0 us, wait 0 us
2021-01-03 00:40:55.142 +05 [77020] LOG stats: 0 xacts/s, 0 queries/s, in 0 B/s, out 0 B/s, xact 0 us, query 0 us, wait 0 us
2021-01-03 00:41:55.144 +05 [77020] LOG stats: 0 xacts/s, 0 queries/s, in 0 B/s, out 0 B/s, xact 0 us, query 0 us, wait 0 us
2021-01-03 00:42:55.142 +05 [77020] LOG stats: 0 xacts/s, 0 queries/s, in 0 B/s, out 0 B/s, xact 0 us, query 0 us, wait 0 us
2021-01-03 00:43:55.145 +05 [77020] LOG stats: 0 xacts/s, 0 queries/s, in 0 B/s, out 0 B/s, xact 0 us, query 0 us, wait 0 us
2021-01-03 00:44:55.143 +05 [77020] LOG stats: 0 xacts/s, 0 queries/s, in 0 B/s, out 0 B/s, xact 0 us, query 0 us, wait 0 us
2021-01-03 00:45:55.141 +05 [77020] LOG stats: 0 xacts/s, 0 queries/s, in 0 B/s, out 0 B/s, xact 0 us, query 0 us, wait 0 us
2021-01-03 00:46:55.141 +05 [77020] LOG stats: 0 xacts/s, 0 queries/s, in 0 B/s, out 0 B/s, xact 0 us, query 0 us, wait 0 us
2021-01-03 00:47:55.142 +05 [77020] LOG stats: 0 xacts/s, 0 queries/s, in 0 B/s, out 0 B/s, xact 0 us, query 0 us, wait 0 us
2021-01-03 00:48:55.145 +05 [77020] LOG stats: 0 xacts/s, 0 queries/s, in 0 B/s, out 0 B/s, xact 0 us, query 0 us, wait 0 us
2021-01-03 00:49:55.142 +05 [77020] LOG stats: 0 xacts/s, 0 queries/s, in 0 B/s, out 0 B/s, xact 0 us, query 0 us, wait 0 us
2021-01-03 00:50:55.144 +05 [77020] LOG stats: 0 xacts/s, 0 queries/s, in 0 B/s, out 0 B/s, xact 0 us, query 0 us, wait 0 us
2021-01-03 00:51:55.142 +05 [77020] LOG stats: 0 xacts/s, 0 queries/s, in 0 B/s, out 0 B/s, xact 0 us, query 0 us, wait 0 us
2021-01-03 00:52:55.141 +05 [77020] LOG stats: 0 xacts/s, 0 queries/s, in 0 B/s, out 0 B/s, xact 0 us, query 0 us, wait 0 us
2021-01-03 00:53:55.146 +05 [77020] LOG stats: 0 xacts/s, 0 queries/s, in 0 B/s, out 0 B/s, xact 0 us, query 0 us, wait 0 us
2021-01-03 00:54:55.143 +05 [77020] LOG stats: 0 xacts/s, 0 queries/s, in 0 B/s, out 0 B/s, xact 0 us, query 0 us, wait 0 us
2021-01-03 00:55:55.144 +05 [77020] LOG stats: 0 xacts/s, 0 queries/s, in 0 B/s, out 0 B/s, xact 0 us, query 0 us, wait 0 us
2021-01-03 00:56:55.142 +05 [77020] LOG stats: 0 xacts/s, 0 queries/s, in 0 B/s, out 0 B/s, xact 0 us, query 0 us, wait 0 us
2021-01-03 00:57:55.141 +05 [77020] LOG stats: 0 xacts/s, 0 queries/s, in 0 B/s, out 0 B/s, xact 0 us, query 0 us, wait 0 us
2021-01-03 00:58:55.142 +05 [77020] LOG stats: 0 xacts/s, 0 queries/s, in 0 B/s, out 0 B/s, xact 0 us, query 0 us, wait 0 us
2021-01-03 00:59:55.144 +05 [77020] LOG stats: 0 xacts/s, 0 queries/s, in 0 B/s, out 0 B/s, xact 0 us, query 0 us, wait 0 us
2021-01-03 01:00:55.142 +05 [77020] LOG stats: 0 xacts/s, 0 queries/s, in 0 B/s, out 0 B/s, xact 0 us, query 0 us, wait 0 us
2021-01-03 01:01:55.140 +05 [77020] LOG stats: 0 xacts/s, 0 queries/s, in 0 B/s, out 0 B/s, xact 0 us, query 0 us, wait 0 us
2021-01-03 01:02:55.144 +05 [77020] LOG stats: 0 xacts/s, 0 queries/s, in 0 B/s, out 0 B/s, xact 0 us, query 0 us, wait 0 us
2021-01-03 01:03:55.143 +05 [77020] LOG stats: 0 xacts/s, 0 queries/s, in 0 B/s, out 0 B/s, xact 0 us, query 0 us, wait 0 us
2021-01-03 01:04:55.146 +05 [77020] LOG stats: 0 xacts/s, 0 queries/s, in 0 B/s, out 0 B/s, xact 0 us, query 0 us, wait 0 us
2021-01-03 01:05:55.141 +05 [77020] LOG stats: 0 xacts/s, 0 queries/s, in 0 B/s, out 0 B/s, xact 0 us, query 0 us, wait 0 us
2021-01-03 01:06:55.143 +05 [77020] LOG stats: 0 xacts/s, 0 queries/s, in 0 B/s, out 0 B/s, xact 0 us, query 0 us, wait 0 us
2021-01-03 01:07:55.142 +05 [77020] LOG stats: 0 xacts/s, 0 queries/s, in 0 B/s, out 0 B/s, xact 0 us, query 0 us, wait 0 us
2021-01-03 01:08:55.146 +05 [77020] LOG stats: 0 xacts/s, 0 queries/s, in 0 B/s, out 0 B/s, xact 0 us, query 0 us, wait 0 us
2021-01-03 01:09:55.142 +05 [77020] LOG stats: 0 xacts/s, 0 queries/s, in 0 B/s, out 0 B/s, xact 0 us, query 0 us, wait 0 us
2021-01-03 01:10:55.143 +05 [77020] LOG stats: 0 xacts/s, 0 queries/s, in 0 B/s, out 0 B/s, xact 0 us, query 0 us, wait 0 us
2021-01-03 01:11:55.142 +05 [77020] LOG stats: 0 xacts/s, 0 queries/s, in 0 B/s, out 0 B/s, xact 0 us, query 0 us, wait 0 us
2021-01-03 01:12:55.145 +05 [77020] LOG stats: 0 xacts/s, 0 queries/s, in 0 B/s, out 0 B/s, xact 0 us, query 0 us, wait 0 us
2021-01-03 01:13:55.141 +05 [77020] LOG stats: 0 xacts/s, 0 queries/s, in 0 B/s, out 0 B/s, xact 0 us, query 0 us, wait 0 us
2021-01-03 01:14:55.144 +05 [77020] LOG stats: 0 xacts/s, 0 queries/s, in 0 B/s, out 0 B/s, xact 0 us, query 0 us, wait 0 us
2021-01-03 01:15:55.142 +05 [77020] LOG stats: 0 xacts/s, 0 queries/s, in 0 B/s, out 0 B/s, xact 0 us, query 0 us, wait 0 us
2021-01-03 01:16:55.142 +05 [77020] LOG stats: 0 xacts/s, 0 queries/s, in 0 B/s, out 0 B/s, xact 0 us, query 0 us, wait 0 us
2021-01-03 01:17:55.142 +05 [77020] LOG stats: 0 xacts/s, 0 queries/s, in 0 B/s, out 0 B/s, xact 0 us, query 0 us, wait 0 us
2021-01-03 01:18:55.145 +05 [77020] LOG stats: 0 xacts/s, 0 queries/s, in 0 B/s, out 0 B/s, xact 0 us, query 0 us, wait 0 us
2021-01-03 01:19:55.143 +05 [77020] LOG stats: 0 xacts/s, 0 queries/s, in 0 B/s, out 0 B/s, xact 0 us, query 0 us, wait 0 us
2021-01-03 01:20:55.142 +05 [77020] LOG stats: 0 xacts/s, 0 queries/s, in 0 B/s, out 0 B/s, xact 0 us, query 0 us, wait 0 us
2021-01-03 01:21:55.146 +05 [77020] LOG stats: 0 xacts/s, 0 queries/s, in 0 B/s, out 0 B/s, xact 0 us, query 0 us, wait 0 us
2021-01-03 01:22:55.143 +05 [77020] LOG stats: 0 xacts/s, 0 queries/s, in 0 B/s, out 0 B/s, xact 0 us, query 0 us, wait 0 us
2021-01-03 01:23:55.144 +05 [77020] LOG stats: 0 xacts/s, 0 queries/s, in 0 B/s, out 0 B/s, xact 0 us, query 0 us, wait 0 us
2021-01-03 01:24:55.142 +05 [77020] LOG stats: 0 xacts/s, 0 queries/s, in 0 B/s, out 0 B/s, xact 0 us, query 0 us, wait 0 us
2021-01-03 01:25:55.142 +05 [77020] LOG stats: 0 xacts/s, 0 queries/s, in 0 B/s, out 0 B/s, xact 0 us, query 0 us, wait 0 us
2021-01-03 01:26:55.143 +05 [77020] LOG stats: 0 xacts/s, 0 queries/s, in 0 B/s, out 0 B/s, xact 0 us, query 0 us, wait 0 us
2021-01-03 01:27:55.142 +05 [77020] LOG stats: 0 xacts/s, 0 queries/s, in 0 B/s, out 0 B/s, xact 0 us, query 0 us, wait 0 us
2021-01-03 01:28:55.143 +05 [77020] LOG stats: 0 xacts/s, 0 queries/s, in 0 B/s, out 0 B/s, xact 0 us, query 0 us, wait 0 us
2021-01-03 01:29:55.141 +05 [77020] LOG stats: 0 xacts/s, 0 queries/s, in 0 B/s, out 0 B/s, xact 0 us, query 0 us, wait 0 us
2021-01-03 01:30:55.146 +05 [77020] LOG stats: 0 xacts/s, 0 queries/s, in 0 B/s, out 0 B/s, xact 0 us, query 0 us, wait 0 us
2021-01-03 01:31:55.143 +05 [77020] LOG stats: 0 xacts/s, 0 queries/s, in 0 B/s, out 0 B/s, xact 0 us, query 0 us, wait 0 us
2021-01-03 01:32:55.143 +05 [77020] LOG stats: 0 xacts/s, 0 queries/s, in 0 B/s, out 0 B/s, xact 0 us, query 0 us, wait 0 us
2021-01-03 01:33:55.145 +05 [77020] LOG stats: 0 xacts/s, 0 queries/s, in 0 B/s, out 0 B/s, xact 0 us, query 0 us, wait 0 us
2021-01-03 01:34:55.142 +05 [77020] LOG stats: 0 xacts/s, 0 queries/s, in 0 B/s, out 0 B/s, xact 0 us, query 0 us, wait 0 us
2021-01-03 01:35:55.143 +05 [77020] LOG stats: 0 xacts/s, 0 queries/s, in 0 B/s, out 0 B/s, xact 0 us, query 0 us, wait 0 us
2021-01-03 01:36:55.145 +05 [77020] LOG stats: 0 xacts/s, 0 queries/s, in 0 B/s, out 0 B/s, xact 0 us, query 0 us, wait 0 us
2021-01-03 01:37:55.142 +05 [77020] LOG stats: 0 xacts/s, 0 queries/s, in 0 B/s, out 0 B/s, xact 0 us, query 0 us, wait 0 us
2021-01-03 01:38:55.141 +05 [77020] LOG stats: 0 xacts/s, 0 queries/s, in 0 B/s, out 0 B/s, xact 0 us, query 0 us, wait 0 us
2021-01-03 01:39:55.143 +05 [77020] LOG stats: 0 xacts/s, 0 queries/s, in 0 B/s, out 0 B/s, xact 0 us, query 0 us, wait 0 us
2021-01-03 01:40:55.141 +05 [77020] LOG stats: 0 xacts/s, 0 queries/s, in 0 B/s, out 0 B/s, xact 0 us, query 0 us, wait 0 us
2021-01-03 01:41:55.142 +05 [77020] LOG stats: 0 xacts/s, 0 queries/s, in 0 B/s, out 0 B/s, xact 0 us, query 0 us, wait 0 us
2021-01-03 01:42:55.146 +05 [77020] LOG stats: 0 xacts/s, 0 queries/s, in 0 B/s, out 0 B/s, xact 0 us, query 0 us, wait 0 us
2021-01-03 01:43:55.143 +05 [77020] LOG stats: 0 xacts/s, 0 queries/s, in 0 B/s, out 0 B/s, xact 0 us, query 0 us, wait 0 us
2021-01-03 01:44:55.141 +05 [77020] LOG stats: 0 xacts/s, 0 queries/s, in 0 B/s, out 0 B/s, xact 0 us, query 0 us, wait 0 us
2021-01-03 01:45:55.141 +05 [77020] LOG stats: 0 xacts/s, 0 queries/s, in 0 B/s, out 0 B/s, xact 0 us, query 0 us, wait 0 us
2021-01-03 01:46:55.142 +05 [77020] LOG stats: 0 xacts/s, 0 queries/s, in 0 B/s, out 0 B/s, xact 0 us, query 0 us, wait 0 us
2021-01-03 01:47:55.141 +05 [77020] LOG stats: 0 xacts/s, 0 queries/s, in 0 B/s, out 0 B/s, xact 0 us, query 0 us, wait 0 us
2021-01-03 01:48:55.141 +05 [77020] LOG stats: 0 xacts/s, 0 queries/s, in 0 B/s, out 0 B/s, xact 0 us, query 0 us, wait 0 us
2021-01-03 01:49:55.145 +05 [77020] LOG stats: 0 xacts/s, 0 queries/s, in 0 B/s, out 0 B/s, xact 0 us, query 0 us, wait 0 us
2021-01-03 01:50:55.143 +05 [77020] LOG stats: 0 xacts/s, 0 queries/s, in 0 B/s, out 0 B/s, xact 0 us, query 0 us, wait 0 us
2021-01-03 01:51:55.144 +05 [77020] LOG stats: 0 xacts/s, 0 queries/s, in 0 B/s, out 0 B/s, xact 0 us, query 0 us, wait 0 us
2021-01-03 01:52:55.142 +05 [77020] LOG stats: 0 xacts/s, 0 queries/s, in 0 B/s, out 0 B/s, xact 0 us, query 0 us, wait 0 us
2021-01-03 01:53:55.145 +05 [77020] LOG stats: 0 xacts/s, 0 queries/s, in 0 B/s, out 0 B/s, xact 0 us, query 0 us, wait 0 us
2021-01-03 01:54:55.142 +05 [77020] LOG stats: 0 xacts/s, 0 queries/s, in 0 B/s, out 0 B/s, xact 0 us, query 0 us, wait 0 us
2021-01-03 01:55:55.144 +05 [77020] LOG stats: 0 xacts/s, 0 queries/s, in 0 B/s, out 0 B/s, xact 0 us, query 0 us, wait 0 us
2021-01-03 01:56:55.142 +05 [77020] LOG stats: 0 xacts/s, 0 queries/s, in 0 B/s, out 0 B/s, xact 0 us, query 0 us, wait 0 us
2021-01-03 01:57:55.149 +05 [77020] LOG stats: 0 xacts/s, 0 queries/s, in 0 B/s, out 0 B/s, xact 0 us, query 0 us, wait 0 us
2021-01-03 01:58:55.143 +05 [77020] LOG stats: 0 xacts/s, 0 queries/s, in 0 B/s, out 0 B/s, xact 0 us, query 0 us, wait 0 us
2021-01-03 01:59:55.143 +05 [77020] LOG stats: 0 xacts/s, 0 queries/s, in 0 B/s, out 0 B/s, xact 0 us, query 0 us, wait 0 us
2021-01-03 02:00:55.143 +05 [77020] LOG stats: 0 xacts/s, 0 queries/s, in 0 B/s, out 0 B/s, xact 0 us, query 0 us, wait 0 us
2021-01-03 02:01:55.145 +05 [77020] LOG stats: 0 xacts/s, 0 queries/s, in 0 B/s, out 0 B/s, xact 0 us, query 0 us, wait 0 us
2021-01-03 02:02:55.143 +05 [77020] LOG stats: 0 xacts/s, 0 queries/s, in 0 B/s, out 0 B/s, xact 0 us, query 0 us, wait 0 us
2021-01-03 02:03:55.144 +05 [77020] LOG stats: 0 xacts/s, 0 queries/s, in 0 B/s, out 0 B/s, xact 0 us, query 0 us, wait 0 us
2021-01-03 02:04:55.141 +05 [77020] LOG stats: 0 xacts/s, 0 queries/s, in 0 B/s, out 0 B/s, xact 0 us, query 0 us, wait 0 us
2021-01-03 02:05:55.146 +05 [77020] LOG stats: 0 xacts/s, 0 queries/s, in 0 B/s, out 0 B/s, xact 0 us, query 0 us, wait 0 us
2021-01-03 02:06:55.142 +05 [77020] LOG stats: 0 xacts/s, 0 queries/s, in 0 B/s, out 0 B/s, xact 0 us, query 0 us, wait 0 us
2021-01-03 02:07:55.143 +05 [77020] LOG stats: 0 xacts/s, 0 queries/s, in 0 B/s, out 0 B/s, xact 0 us, query 0 us, wait 0 us
2021-01-03 02:08:55.142 +05 [77020] LOG stats: 0 xacts/s, 0 queries/s, in 0 B/s, out 0 B/s, xact 0 us, query 0 us, wait 0 us
2021-01-03 02:09:55.146 +05 [77020] LOG stats: 0 xacts/s, 0 queries/s, in 0 B/s, out 0 B/s, xact 0 us, query 0 us, wait 0 us
2021-01-03 02:10:55.141 +05 [77020] LOG stats: 0 xacts/s, 0 queries/s, in 0 B/s, out 0 B/s, xact 0 us, query 0 us, wait 0 us
2021-01-03 02:11:55.141 +05 [77020] LOG stats: 0 xacts/s, 0 queries/s, in 0 B/s, out 0 B/s, xact 0 us, query 0 us, wait 0 us
2021-01-03 02:12:55.142 +05 [77020] LOG stats: 0 xacts/s, 0 queries/s, in 0 B/s, out 0 B/s, xact 0 us, query 0 us, wait 0 us
2021-01-03 02:13:55.145 +05 [77020] LOG stats: 0 xacts/s, 0 queries/s, in 0 B/s, out 0 B/s, xact 0 us, query 0 us, wait 0 us
2021-01-03 02:14:55.141 +05 [77020] LOG stats: 0 xacts/s, 0 queries/s, in 0 B/s, out 0 B/s, xact 0 us, query 0 us, wait 0 us
2021-01-03 02:15:55.144 +05 [77020] LOG stats: 0 xacts/s, 0 queries/s, in 0 B/s, out 0 B/s, xact 0 us, query 0 us, wait 0 us
2021-01-03 02:16:55.142 +05 [77020] LOG stats: 0 xacts/s, 0 queries/s, in 0 B/s, out 0 B/s, xact 0 us, query 0 us, wait 0 us
2021-01-03 02:17:55.145 +05 [77020] LOG stats: 0 xacts/s, 0 queries/s, in 0 B/s, out 0 B/s, xact 0 us, query 0 us, wait 0 us
2021-01-03 02:18:55.141 +05 [77020] LOG stats: 0 xacts/s, 0 queries/s, in 0 B/s, out 0 B/s, xact 0 us, query 0 us, wait 0 us
2021-01-03 02:19:55.144 +05 [77020] LOG stats: 0 xacts/s, 0 queries/s, in 0 B/s, out 0 B/s, xact 0 us, query 0 us, wait 0 us
2021-01-03 02:20:55.142 +05 [77020] LOG stats: 0 xacts/s, 0 queries/s, in 0 B/s, out 0 B/s, xact 0 us, query 0 us, wait 0 us
2021-01-03 02:21:55.146 +05 [77020] LOG stats: 0 xacts/s, 0 queries/s, in 0 B/s, out 0 B/s, xact 0 us, query 0 us, wait 0 us
2021-01-03 02:22:55.141 +05 [77020] LOG stats: 0 xacts/s, 0 queries/s, in 0 B/s, out 0 B/s, xact 0 us, query 0 us, wait 0 us
2021-01-03 02:23:55.143 +05 [77020] LOG stats: 0 xacts/s, 0 queries/s, in 0 B/s, out 0 B/s, xact 0 us, query 0 us, wait 0 us
2021-01-03 02:24:55.142 +05 [77020] LOG stats: 0 xacts/s, 0 queries/s, in 0 B/s, out 0 B/s, xact 0 us, query 0 us, wait 0 us
2021-01-03 02:25:55.142 +05 [77020] LOG stats: 0 xacts/s, 0 queries/s, in 0 B/s, out 0 B/s, xact 0 us, query 0 us, wait 0 us
2021-01-03 02:26:55.142 +05 [77020] LOG stats: 0 xacts/s, 0 queries/s, in 0 B/s, out 0 B/s, xact 0 us, query 0 us, wait 0 us
2021-01-03 02:27:55.141 +05 [77020] LOG stats: 0 xacts/s, 0 queries/s, in 0 B/s, out 0 B/s, xact 0 us, query 0 us, wait 0 us
2021-01-03 02:28:55.141 +05 [77020] LOG stats: 0 xacts/s, 0 queries/s, in 0 B/s, out 0 B/s, xact 0 us, query 0 us, wait 0 us
2021-01-03 02:29:55.141 +05 [77020] LOG stats: 0 xacts/s, 0 queries/s, in 0 B/s, out 0 B/s, xact 0 us, query 0 us, wait 0 us
2021-01-03 02:30:55.145 +05 [77020] LOG stats: 0 xacts/s, 0 queries/s, in 0 B/s, out 0 B/s, xact 0 us, query 0 us, wait 0 us
2021-01-03 02:31:55.142 +05 [77020] LOG stats: 0 xacts/s, 0 queries/s, in 0 B/s, out 0 B/s, xact 0 us, query 0 us, wait 0 us
2021-01-03 02:32:55.143 +05 [77020] LOG stats: 0 xacts/s, 0 queries/s, in 0 B/s, out 0 B/s, xact 0 us, query 0 us, wait 0 us
2021-01-03 02:33:55.142 +05 [77020] LOG stats: 0 xacts/s, 0 queries/s, in 0 B/s, out 0 B/s, xact 0 us, query 0 us, wait 0 us
2021-01-03 02:34:55.145 +05 [77020] LOG stats: 0 xacts/s, 0 queries/s, in 0 B/s, out 0 B/s, xact 0 us, query 0 us, wait 0 us
2021-01-03 02:35:55.142 +05 [77020] LOG stats: 0 xacts/s, 0 queries/s, in 0 B/s, out 0 B/s, xact 0 us, query 0 us, wait 0 us
2021-01-03 02:36:55.142 +05 [77020] LOG stats: 0 xacts/s, 0 queries/s, in 0 B/s, out 0 B/s, xact 0 us, query 0 us, wait 0 us
2021-01-03 02:37:55.141 +05 [77020] LOG stats: 0 xacts/s, 0 queries/s, in 0 B/s, out 0 B/s, xact 0 us, query 0 us, wait 0 us
2021-01-03 02:38:55.145 +05 [77020] LOG stats: 0 xacts/s, 0 queries/s, in 0 B/s, out 0 B/s, xact 0 us, query 0 us, wait 0 us
2021-01-03 02:39:55.142 +05 [77020] LOG stats: 0 xacts/s, 0 queries/s, in 0 B/s, out 0 B/s, xact 0 us, query 0 us, wait 0 us
2021-01-03 02:40:55.143 +05 [77020] LOG stats: 0 xacts/s, 0 queries/s, in 0 B/s, out 0 B/s, xact 0 us, query 0 us, wait 0 us
2021-01-03 02:41:55.141 +05 [77020] LOG stats: 0 xacts/s, 0 queries/s, in 0 B/s, out 0 B/s, xact 0 us, query 0 us, wait 0 us
2021-01-03 02:42:55.144 +05 [77020] LOG stats: 0 xacts/s, 0 queries/s, in 0 B/s, out 0 B/s, xact 0 us, query 0 us, wait 0 us
2021-01-03 02:43:55.141 +05 [77020] LOG stats: 0 xacts/s, 0 queries/s, in 0 B/s, out 0 B/s, xact 0 us, query 0 us, wait 0 us
2021-01-03 02:44:55.142 +05 [77020] LOG stats: 0 xacts/s, 0 queries/s, in 0 B/s, out 0 B/s, xact 0 us, query 0 us, wait 0 us
2021-01-03 02:45:55.144 +05 [77020] LOG stats: 0 xacts/s, 0 queries/s, in 0 B/s, out 0 B/s, xact 0 us, query 0 us, wait 0 us
2021-01-03 02:46:55.141 +05 [77020] LOG stats: 0 xacts/s, 0 queries/s, in 0 B/s, out 0 B/s, xact 0 us, query 0 us, wait 0 us
2021-01-03 02:47:55.142 +05 [77020] LOG stats: 0 xacts/s, 0 queries/s, in 0 B/s, out 0 B/s, xact 0 us, query 0 us, wait 0 us
2021-01-03 02:48:55.141 +05 [77020] LOG stats: 0 xacts/s, 0 queries/s, in 0 B/s, out 0 B/s, xact 0 us, query 0 us, wait 0 us
2021-01-03 02:49:55.141 +05 [77020] LOG stats: 0 xacts/s, 0 queries/s, in 0 B/s, out 0 B/s, xact 0 us, query 0 us, wait 0 us
2021-01-03 02:50:55.142 +05 [77020] LOG stats: 0 xacts/s, 0 queries/s, in 0 B/s, out 0 B/s, xact 0 us, query 0 us, wait 0 us
2021-01-03 02:51:55.142 +05 [77020] LOG stats: 0 xacts/s, 0 queries/s, in 0 B/s, out 0 B/s, xact 0 us, query 0 us, wait 0 us
2021-01-03 02:52:55.145 +05 [77020] LOG stats: 0 xacts/s, 0 queries/s, in 0 B/s, out 0 B/s, xact 0 us, query 0 us, wait 0 us
2021-01-03 02:53:55.145 +05 [77020] LOG stats: 0 xacts/s, 0 queries/s, in 0 B/s, out 0 B/s, xact 0 us, query 0 us, wait 0 us
2021-01-03 02:54:55.145 +05 [77020] LOG stats: 0 xacts/s, 0 queries/s, in 0 B/s, out 0 B/s, xact 0 us, query 0 us, wait 0 us
2021-01-03 02:55:55.141 +05 [77020] LOG stats: 0 xacts/s, 0 queries/s, in 0 B/s, out 0 B/s, xact 0 us, query 0 us, wait 0 us
2021-01-03 02:56:55.141 +05 [77020] LOG stats: 0 xacts/s, 0 queries/s, in 0 B/s, out 0 B/s, xact 0 us, query 0 us, wait 0 us
2021-01-03 02:57:55.146 +05 [77020] LOG stats: 0 xacts/s, 0 queries/s, in 0 B/s, out 0 B/s, xact 0 us, query 0 us, wait 0 us
2021-01-03 02:58:55.145 +05 [77020] LOG stats: 0 xacts/s, 0 queries/s, in 0 B/s, out 0 B/s, xact 0 us, query 0 us, wait 0 us
2021-01-03 02:59:55.146 +05 [77020] LOG stats: 0 xacts/s, 0 queries/s, in 0 B/s, out 0 B/s, xact 0 us, query 0 us, wait 0 us
2021-01-03 03:00:55.145 +05 [77020] LOG stats: 0 xacts/s, 0 queries/s, in 0 B/s, out 0 B/s, xact 0 us, query 0 us, wait 0 us
2021-01-03 03:01:55.145 +05 [77020] LOG stats: 0 xacts/s, 0 queries/s, in 0 B/s, out 0 B/s, xact 0 us, query 0 us, wait 0 us
2021-01-03 03:02:55.142 +05 [77020] LOG stats: 0 xacts/s, 0 queries/s, in 0 B/s, out 0 B/s, xact 0 us, query 0 us, wait 0 us
2021-01-03 03:03:55.142 +05 [77020] LOG stats: 0 xacts/s, 0 queries/s, in 0 B/s, out 0 B/s, xact 0 us, query 0 us, wait 0 us
2021-01-03 03:04:55.142 +05 [77020] LOG stats: 0 xacts/s, 0 queries/s, in 0 B/s, out 0 B/s, xact 0 us, query 0 us, wait 0 us
2021-01-03 03:05:55.141 +05 [77020] LOG stats: 0 xacts/s, 0 queries/s, in 0 B/s, out 0 B/s, xact 0 us, query 0 us, wait 0 us
2021-01-03 03:06:55.144 +05 [77020] LOG stats: 0 xacts/s, 0 queries/s, in 0 B/s, out 0 B/s, xact 0 us, query 0 us, wait 0 us
2021-01-03 03:07:55.143 +05 [77020] LOG stats: 0 xacts/s, 0 queries/s, in 0 B/s, out 0 B/s, xact 0 us, query 0 us, wait 0 us
2021-01-03 03:08:55.142 +05 [77020] LOG stats: 0 xacts/s, 0 queries/s, in 0 B/s, out 0 B/s, xact 0 us, query 0 us, wait 0 us
2021-01-03 03:09:55.142 +05 [77020] LOG stats: 0 xacts/s, 0 queries/s, in 0 B/s, out 0 B/s, xact 0 us, query 0 us, wait 0 us
2021-01-03 03:10:55.141 +05 [77020] LOG stats: 0 xacts/s, 0 queries/s, in 0 B/s, out 0 B/s, xact 0 us, query 0 us, wait 0 us
2021-01-03 03:11:55.141 +05 [77020] LOG stats: 0 xacts/s, 0 queries/s, in 0 B/s, out 0 B/s, xact 0 us, query 0 us, wait 0 us
2021-01-03 03:12:55.145 +05 [77020] LOG stats: 0 xacts/s, 0 queries/s, in 0 B/s, out 0 B/s, xact 0 us, query 0 us, wait 0 us
